<?xml version="1.0" encoding="UTF-8"?>
<!-- Generated by org.testng.reporters.JUnitReportReporter -->
<testsuite hostname="DESKTOP-78V0SJR" failures="0" tests="1" name="com.google.GoogleTest" time="59.397" errors="0" timestamp="05 jun. 2021 13:46:43 GMT" skipped="0">
  <testcase classname="com.google.GoogleTest" name="f" time="59.397"/>
</testsuite> <!-- com.google.GoogleTest -->
